2026-01-08 17:53:14,906 - root - INFO - Training profile f15_model_classification_pretrain already exists. Using existing profile...
2026-01-08 17:53:14,930 - root - INFO - The following datasets were found in data/f15_model_classification_pretrain:
2026-01-08 17:53:14,930 - root - INFO - 	-> collect_2026.Jan.08_16.12.58.0528664.UTC	(not requested, but will included in training profile)
2026-01-08 17:53:14,931 - root - INFO - 	-> collect_2026.Jan.08_16.14.30.4779839.UTC	(not requested, but will included in training profile)
2026-01-08 17:53:14,931 - root - INFO - 	-> collect_2026.Jan.08_16.16.12.1074385.UTC	(not requested, but will included in training profile)
2026-01-08 17:53:14,931 - root - INFO - 	-> collect_2026.Jan.08_16.17.52.7369049.UTC	(not requested, but will included in training profile)
2026-01-08 17:53:14,932 - root - INFO - 	-> pc_set.joblib	
2026-01-08 17:53:14,932 - root - INFO - 
Datasets added successfully:

2026-01-08 17:53:14,933 - root - INFO - classification_pretrain
Random seed: 42
Class labels: dict_keys(['f-15_model', 'a-10', 'b-1b', 'b-2', 'c-5', 'c-12', 'c-17a', 'c-32', 'c-130j', 'e-3', 'f-15e', 'f-16', 'f-18e', 'f-22', 'g-iii', 'kc-46', 'kc-135', 'lj-25', 'mig-29', 'mq-20', 'su-27', 'vc-25a', 'x-47b'])
Part labels: dict_keys(['wing', 'fuselage', 'engine', 'hstab', 'vstab', 'landing_gear', 'armament', 'boom_wing', 'boom_hull', 'boom_hose', 'dish', 'probe'])

--- Train Set ---
Specified proportion:  0.75
Actual proportion: 0.7498603564718428
Total count: 14767
Class count:
	f-15_model: 14767
Part count:
	wing: 117006522
	fuselage: 204757356
	engine: 77791412
	hstab: 41522027
	vstab: 42807739
	landing_gear: 0
	armament: 0
	boom_wing: 0
	boom_hull: 0
	boom_hose: 0
	dish: 0
	probe: 0

--- Validation Set ---
Specified proportion:  0.15
Actual proportion: 0.15005331843802366
Total count: 2955
Class count:
	f-15_model: 2955
Part count:
	wing: 23484322
	fuselage: 40971857
	engine: 15543395
	hstab: 8247964
	vstab: 8581902
	landing_gear: 0
	armament: 0
	boom_wing: 0
	boom_hull: 0
	boom_hose: 0
	dish: 0
	probe: 0

--- Test Set ---
Specified proportion:  0.1
Actual proportion: 0.10008632509013354
Total count: 1971
Class count:
	f-15_model: 1971
Part count:
	wing: 15684204
	fuselage: 27303061
	engine: 10392823
	hstab: 5520468
	vstab: 5685172
	landing_gear: 0
	armament: 0
	boom_wing: 0
	boom_hull: 0
	boom_hose: 0
	dish: 0
	probe: 0

2026-01-08 17:53:14,935 - root - INFO - Training profile f15_model_final already exists. Using existing profile...
2026-01-08 17:53:14,955 - root - INFO - The following datasets were found in data/f15_model_final:
2026-01-08 17:53:14,955 - root - INFO - 	-> collect_2026.Jan.08_16.12.58.0528664.UTC	(not requested, but will included in training profile)
2026-01-08 17:53:14,956 - root - INFO - 	-> collect_2026.Jan.08_16.14.30.4779839.UTC	(not requested, but will included in training profile)
2026-01-08 17:53:14,956 - root - INFO - 	-> collect_2026.Jan.08_16.16.12.1074385.UTC	(not requested, but will included in training profile)
2026-01-08 17:53:14,956 - root - INFO - 	-> collect_2026.Jan.08_16.17.52.7369049.UTC	(not requested, but will included in training profile)
2026-01-08 17:53:14,957 - root - INFO - 	-> pc_set.joblib	
2026-01-08 17:53:14,957 - root - INFO - 
Datasets added successfully:

2026-01-08 17:53:14,958 - root - INFO - final
Random seed: 42
Class labels: dict_keys(['f-15_model', 'a-10', 'b-1b', 'b-2', 'c-5', 'c-12', 'c-17a', 'c-32', 'c-130j', 'e-3', 'f-15e', 'f-16', 'f-18e', 'f-22', 'g-iii', 'kc-46', 'kc-135', 'lj-25', 'mig-29', 'mq-20', 'su-27', 'vc-25a', 'x-47b'])
Part labels: dict_keys(['wing', 'fuselage', 'engine', 'hstab', 'vstab', 'landing_gear', 'armament', 'boom_wing', 'boom_hull', 'boom_hose', 'dish', 'probe'])

--- Train Set ---
Specified proportion:  0.75
Actual proportion: 0.7498603564718428
Total count: 14767
Class count:
	f-15_model: 14767
Part count:
	wing: 117058048
	fuselage: 204751538
	engine: 77716534
	hstab: 41467334
	vstab: 42891602
	landing_gear: 0
	armament: 0
	boom_wing: 0
	boom_hull: 0
	boom_hose: 0
	dish: 0
	probe: 0

--- Validation Set ---
Specified proportion:  0.15
Actual proportion: 0.15005331843802366
Total count: 2955
Class count:
	f-15_model: 2955
Part count:
	wing: 23544811
	fuselage: 41129120
	engine: 15558499
	hstab: 8278483
	vstab: 8318527
	landing_gear: 0
	armament: 0
	boom_wing: 0
	boom_hull: 0
	boom_hose: 0
	dish: 0
	probe: 0

--- Test Set ---
Specified proportion:  0.1
Actual proportion: 0.10008632509013354
Total count: 1971
Class count:
	f-15_model: 1971
Part count:
	wing: 15595181
	fuselage: 27125296
	engine: 10453942
	hstab: 5554987
	vstab: 5856322
	landing_gear: 0
	armament: 0
	boom_wing: 0
	boom_hull: 0
	boom_hose: 0
	dish: 0
	probe: 0

2026-01-08 17:53:17,142 - root - INFO - PointNet Build
2026-01-08 17:53:17,143 - root - INFO - 	Trainable Layers
2026-01-08 17:53:17,143 - root - INFO - 		-> input_normalization: False
2026-01-08 17:53:17,144 - root - INFO - 		-> input_transform: True
2026-01-08 17:53:17,145 - root - INFO - 		-> s1_l1_64_convolution_layer: True
2026-01-08 17:53:17,145 - root - INFO - 		-> s1_l2_64_convolution_layer: True
2026-01-08 17:53:17,146 - root - INFO - 		-> feature_transform: True
2026-01-08 17:53:17,146 - root - INFO - 		-> s2_l1_64_convolution_layer: True
2026-01-08 17:53:17,147 - root - INFO - 		-> s2_l2_128_convolution_layer: True
2026-01-08 17:53:17,148 - root - INFO - 		-> s2_l3_1024_convolution_layer: True
2026-01-08 17:53:17,148 - root - INFO - 		-> s3_l1_512_dense_layer: True
2026-01-08 17:53:17,149 - root - INFO - 		-> s3_l2_256_dense_layer: True
2026-01-08 17:53:17,150 - root - INFO - 		-> output_dense_layer: True
2026-01-08 17:53:17,151 - root - INFO - 		-> seg_l1_512_convolution_layer: False
2026-01-08 17:53:17,151 - root - INFO - 		-> seg_l2_256_convolution_layer: False
2026-01-08 17:53:17,152 - root - INFO - 		-> seg_l3_128_convolution_layer: False
2026-01-08 17:53:17,152 - root - INFO - 		-> seg_l4_128_convolution_layer: False
2026-01-08 17:53:17,153 - root - INFO - 		-> seg_l5_output_convolution_layer: False
2026-01-08 17:53:38,748 - matplotlib.pyplot - DEBUG - Loaded backend agg version v2.2.
