2026-01-08 17:58:16,783 - root - INFO - The following datasets were found in data/f15_model_classification_pretrain:
2026-01-08 17:58:16,784 - root - INFO - 	-> pc_set.joblib	
2026-01-08 17:58:16,785 - root - INFO - Adding data set 1 of 4
2026-01-08 17:58:17,418 - root - INFO - Parsing frames in data/collect_2026.Jan.08_16.12.58.0528664.UTC...
2026-01-08 18:01:40,579 - root - INFO - Failed to add file data/collect_2026.Jan.08_16.12.58.0528664.UTC/Virtual Flash Lidar/frame_5000.txt:
	FileNotFoundError : [Errno 2] No such file or directory: 'data/collect_2026.Jan.08_16.12.58.0528664.UTC/Virtual Flash Lidar/frame_5000.txt'
2026-01-08 18:01:40,582 - root - INFO - Failed to add file data/collect_2026.Jan.08_16.12.58.0528664.UTC/Virtual Flash Lidar/frame_5001.txt:
	FileNotFoundError : [Errno 2] No such file or directory: 'data/collect_2026.Jan.08_16.12.58.0528664.UTC/Virtual Flash Lidar/frame_5001.txt'
2026-01-08 18:02:43,490 - root - INFO - Adding data set 2 of 4
2026-01-08 18:02:44,252 - root - INFO - Parsing frames in data/collect_2026.Jan.08_16.14.30.4779839.UTC...
2026-01-08 18:06:06,886 - root - INFO - Failed to add file data/collect_2026.Jan.08_16.14.30.4779839.UTC/Virtual Flash Lidar/frame_5000.txt:
	FileNotFoundError : [Errno 2] No such file or directory: 'data/collect_2026.Jan.08_16.14.30.4779839.UTC/Virtual Flash Lidar/frame_5000.txt'
2026-01-08 18:06:06,889 - root - INFO - Failed to add file data/collect_2026.Jan.08_16.14.30.4779839.UTC/Virtual Flash Lidar/frame_5001.txt:
	FileNotFoundError : [Errno 2] No such file or directory: 'data/collect_2026.Jan.08_16.14.30.4779839.UTC/Virtual Flash Lidar/frame_5001.txt'
2026-01-08 18:07:09,874 - root - INFO - Adding data set 3 of 4
2026-01-08 18:07:10,577 - root - INFO - Parsing frames in data/collect_2026.Jan.08_16.16.12.1074385.UTC...
2026-01-08 18:10:21,293 - root - INFO - Failed to add file data/collect_2026.Jan.08_16.16.12.1074385.UTC/Virtual Flash Lidar/frame_5000.txt:
	FileNotFoundError : [Errno 2] No such file or directory: 'data/collect_2026.Jan.08_16.16.12.1074385.UTC/Virtual Flash Lidar/frame_5000.txt'
2026-01-08 18:10:21,296 - root - INFO - Failed to add file data/collect_2026.Jan.08_16.16.12.1074385.UTC/Virtual Flash Lidar/frame_5001.txt:
	FileNotFoundError : [Errno 2] No such file or directory: 'data/collect_2026.Jan.08_16.16.12.1074385.UTC/Virtual Flash Lidar/frame_5001.txt'
2026-01-08 18:11:26,666 - root - INFO - Adding data set 4 of 4
2026-01-08 18:11:27,327 - root - INFO - Parsing frames in data/collect_2026.Jan.08_16.17.52.7369049.UTC...
2026-01-08 18:14:47,615 - root - INFO - Failed to add file data/collect_2026.Jan.08_16.17.52.7369049.UTC/Virtual Flash Lidar/frame_5000.txt:
	FileNotFoundError : [Errno 2] No such file or directory: 'data/collect_2026.Jan.08_16.17.52.7369049.UTC/Virtual Flash Lidar/frame_5000.txt'
2026-01-08 18:14:47,618 - root - INFO - Failed to add file data/collect_2026.Jan.08_16.17.52.7369049.UTC/Virtual Flash Lidar/frame_5001.txt:
	FileNotFoundError : [Errno 2] No such file or directory: 'data/collect_2026.Jan.08_16.17.52.7369049.UTC/Virtual Flash Lidar/frame_5001.txt'
2026-01-08 18:15:51,753 - root - INFO - 
Datasets added successfully:

2026-01-08 18:15:51,776 - root - INFO - classification_pretrain
Random seed: 42
Class labels: dict_keys(['f-15_model', 'a-10', 'b-1b', 'b-2', 'c-5', 'c-12', 'c-17a', 'c-32', 'c-130j', 'e-3', 'f-15e', 'f-16', 'f-18e', 'f-22', 'g-iii', 'kc-46', 'kc-135', 'lj-25', 'mig-29', 'mq-20', 'su-27', 'vc-25a', 'x-47b'])
Part labels: dict_keys(['wing', 'fuselage', 'engine', 'hstab', 'vstab', 'landing_gear', 'armament', 'boom_wing', 'boom_hull', 'boom_hose', 'dish', 'probe'])

--- Train Set ---
Specified proportion:  0.75
Actual proportion: 0.7498603564718428
Total count: 14767
Class count:
	f-15_model: 14767
Part count:
	wing: 116984853
	fuselage: 205221349
	engine: 77656663
	hstab: 41402448
	vstab: 42619743
	landing_gear: 0
	armament: 0
	boom_wing: 0
	boom_hull: 0
	boom_hose: 0
	dish: 0
	probe: 0

--- Validation Set ---
Specified proportion:  0.15
Actual proportion: 0.15005331843802366
Total count: 2955
Class count:
	f-15_model: 2955
Part count:
	wing: 23374017
	fuselage: 40625799
	engine: 15655753
	hstab: 8396102
	vstab: 8777769
	landing_gear: 0
	armament: 0
	boom_wing: 0
	boom_hull: 0
	boom_hose: 0
	dish: 0
	probe: 0

--- Test Set ---
Specified proportion:  0.1
Actual proportion: 0.10008632509013354
Total count: 1971
Class count:
	f-15_model: 1971
Part count:
	wing: 15820467
	fuselage: 27170851
	engine: 10407939
	hstab: 5502733
	vstab: 5683738
	landing_gear: 0
	armament: 0
	boom_wing: 0
	boom_hull: 0
	boom_hose: 0
	dish: 0
	probe: 0

2026-01-08 18:15:51,833 - root - INFO - The following datasets were found in data/f15_model_final:
2026-01-08 18:15:51,833 - root - INFO - 	-> pc_set.joblib	
2026-01-08 18:15:51,833 - root - INFO - Adding data set 1 of 4
2026-01-08 18:15:52,497 - root - INFO - Parsing frames in data/collect_2026.Jan.08_16.12.58.0528664.UTC...
2026-01-08 18:18:33,212 - root - INFO - Failed to add file data/collect_2026.Jan.08_16.12.58.0528664.UTC/Virtual Flash Lidar/frame_5000.txt:
	FileNotFoundError : [Errno 2] No such file or directory: 'data/collect_2026.Jan.08_16.12.58.0528664.UTC/Virtual Flash Lidar/frame_5000.txt'
2026-01-08 18:18:33,215 - root - INFO - Failed to add file data/collect_2026.Jan.08_16.12.58.0528664.UTC/Virtual Flash Lidar/frame_5001.txt:
	FileNotFoundError : [Errno 2] No such file or directory: 'data/collect_2026.Jan.08_16.12.58.0528664.UTC/Virtual Flash Lidar/frame_5001.txt'
2026-01-08 18:19:36,120 - root - INFO - Adding data set 2 of 4
2026-01-08 18:19:36,800 - root - INFO - Parsing frames in data/collect_2026.Jan.08_16.14.30.4779839.UTC...
2026-01-08 18:22:20,636 - root - INFO - Failed to add file data/collect_2026.Jan.08_16.14.30.4779839.UTC/Virtual Flash Lidar/frame_5000.txt:
	FileNotFoundError : [Errno 2] No such file or directory: 'data/collect_2026.Jan.08_16.14.30.4779839.UTC/Virtual Flash Lidar/frame_5000.txt'
2026-01-08 18:22:20,639 - root - INFO - Failed to add file data/collect_2026.Jan.08_16.14.30.4779839.UTC/Virtual Flash Lidar/frame_5001.txt:
	FileNotFoundError : [Errno 2] No such file or directory: 'data/collect_2026.Jan.08_16.14.30.4779839.UTC/Virtual Flash Lidar/frame_5001.txt'
2026-01-08 18:23:23,738 - root - INFO - Adding data set 3 of 4
2026-01-08 18:23:24,424 - root - INFO - Parsing frames in data/collect_2026.Jan.08_16.16.12.1074385.UTC...
2026-01-08 18:25:51,106 - root - INFO - Failed to add file data/collect_2026.Jan.08_16.16.12.1074385.UTC/Virtual Flash Lidar/frame_5000.txt:
	FileNotFoundError : [Errno 2] No such file or directory: 'data/collect_2026.Jan.08_16.16.12.1074385.UTC/Virtual Flash Lidar/frame_5000.txt'
2026-01-08 18:25:51,109 - root - INFO - Failed to add file data/collect_2026.Jan.08_16.16.12.1074385.UTC/Virtual Flash Lidar/frame_5001.txt:
	FileNotFoundError : [Errno 2] No such file or directory: 'data/collect_2026.Jan.08_16.16.12.1074385.UTC/Virtual Flash Lidar/frame_5001.txt'
2026-01-08 18:26:56,172 - root - INFO - Adding data set 4 of 4
2026-01-08 18:26:56,868 - root - INFO - Parsing frames in data/collect_2026.Jan.08_16.17.52.7369049.UTC...
2026-01-08 18:29:31,188 - root - INFO - Failed to add file data/collect_2026.Jan.08_16.17.52.7369049.UTC/Virtual Flash Lidar/frame_5000.txt:
	FileNotFoundError : [Errno 2] No such file or directory: 'data/collect_2026.Jan.08_16.17.52.7369049.UTC/Virtual Flash Lidar/frame_5000.txt'
2026-01-08 18:29:31,192 - root - INFO - Failed to add file data/collect_2026.Jan.08_16.17.52.7369049.UTC/Virtual Flash Lidar/frame_5001.txt:
	FileNotFoundError : [Errno 2] No such file or directory: 'data/collect_2026.Jan.08_16.17.52.7369049.UTC/Virtual Flash Lidar/frame_5001.txt'
2026-01-08 18:30:33,613 - root - INFO - 
Datasets added successfully:

2026-01-08 18:30:33,616 - root - INFO - final
Random seed: 42
Class labels: dict_keys(['f-15_model', 'a-10', 'b-1b', 'b-2', 'c-5', 'c-12', 'c-17a', 'c-32', 'c-130j', 'e-3', 'f-15e', 'f-16', 'f-18e', 'f-22', 'g-iii', 'kc-46', 'kc-135', 'lj-25', 'mig-29', 'mq-20', 'su-27', 'vc-25a', 'x-47b'])
Part labels: dict_keys(['wing', 'fuselage', 'engine', 'hstab', 'vstab', 'landing_gear', 'armament', 'boom_wing', 'boom_hull', 'boom_hose', 'dish', 'probe'])

--- Train Set ---
Specified proportion:  0.75
Actual proportion: 0.7498603564718428
Total count: 14767
Class count:
	f-15_model: 14767
Part count:
	wing: 117110891
	fuselage: 204793426
	engine: 77799562
	hstab: 41488341
	vstab: 42692836
	landing_gear: 0
	armament: 0
	boom_wing: 0
	boom_hull: 0
	boom_hose: 0
	dish: 0
	probe: 0

--- Validation Set ---
Specified proportion:  0.15
Actual proportion: 0.15005331843802366
Total count: 2955
Class count:
	f-15_model: 2955
Part count:
	wing: 23362992
	fuselage: 40972728
	engine: 15441334
	hstab: 8354832
	vstab: 8697554
	landing_gear: 0
	armament: 0
	boom_wing: 0
	boom_hull: 0
	boom_hose: 0
	dish: 0
	probe: 0

--- Test Set ---
Specified proportion:  0.1
Actual proportion: 0.10008632509013354
Total count: 1971
Class count:
	f-15_model: 1971
Part count:
	wing: 15717600
	fuselage: 27236449
	engine: 10489857
	hstab: 5460199
	vstab: 5681623
	landing_gear: 0
	armament: 0
	boom_wing: 0
	boom_hull: 0
	boom_hose: 0
	dish: 0
	probe: 0

2026-01-08 18:30:38,790 - root - INFO - PointNet Build
2026-01-08 18:30:38,791 - root - INFO - 	Trainable Layers
2026-01-08 18:30:38,792 - root - INFO - 		-> input_normalization: False
2026-01-08 18:30:38,792 - root - INFO - 		-> input_transform: True
2026-01-08 18:30:38,792 - root - INFO - 		-> s1_l1_64_convolution_layer: True
2026-01-08 18:30:38,793 - root - INFO - 		-> s1_l2_64_convolution_layer: True
2026-01-08 18:30:38,793 - root - INFO - 		-> feature_transform: True
2026-01-08 18:30:38,793 - root - INFO - 		-> s2_l1_64_convolution_layer: True
2026-01-08 18:30:38,794 - root - INFO - 		-> s2_l2_128_convolution_layer: True
2026-01-08 18:30:38,794 - root - INFO - 		-> s2_l3_1024_convolution_layer: True
2026-01-08 18:30:38,794 - root - INFO - 		-> s3_l1_512_dense_layer: True
2026-01-08 18:30:38,795 - root - INFO - 		-> s3_l2_256_dense_layer: True
2026-01-08 18:30:38,795 - root - INFO - 		-> output_dense_layer: True
2026-01-08 18:30:38,795 - root - INFO - 		-> seg_l1_512_convolution_layer: False
2026-01-08 18:30:38,796 - root - INFO - 		-> seg_l2_256_convolution_layer: False
2026-01-08 18:30:38,796 - root - INFO - 		-> seg_l3_128_convolution_layer: False
2026-01-08 18:30:38,796 - root - INFO - 		-> seg_l4_128_convolution_layer: False
2026-01-08 18:30:38,797 - root - INFO - 		-> seg_l5_output_convolution_layer: False
