2026-01-08 12:31:11,720 - root - INFO - The following datasets were found in data/f15_model_classification_pretrain:
2026-01-08 12:31:11,721 - root - INFO - 	-> pc_set.joblib	
2026-01-08 12:31:11,722 - root - INFO - Adding data set 1 of 4
2026-01-08 12:31:12,346 - root - INFO - Parsing frames in data/collect_2026.Jan.08_16.12.58.0528664.UTC...
2026-01-08 12:34:37,862 - root - INFO - Failed to add file data/collect_2026.Jan.08_16.12.58.0528664.UTC/Virtual Flash Lidar/frame_5000.txt:
	FileNotFoundError : [Errno 2] No such file or directory: 'data/collect_2026.Jan.08_16.12.58.0528664.UTC/Virtual Flash Lidar/frame_5000.txt'
2026-01-08 12:34:37,865 - root - INFO - Failed to add file data/collect_2026.Jan.08_16.12.58.0528664.UTC/Virtual Flash Lidar/frame_5001.txt:
	FileNotFoundError : [Errno 2] No such file or directory: 'data/collect_2026.Jan.08_16.12.58.0528664.UTC/Virtual Flash Lidar/frame_5001.txt'
2026-01-08 12:35:44,286 - root - INFO - Adding data set 2 of 4
2026-01-08 12:35:45,066 - root - INFO - Parsing frames in data/collect_2026.Jan.08_16.14.30.4779839.UTC...
2026-01-08 12:39:16,810 - root - INFO - Failed to add file data/collect_2026.Jan.08_16.14.30.4779839.UTC/Virtual Flash Lidar/frame_5000.txt:
	FileNotFoundError : [Errno 2] No such file or directory: 'data/collect_2026.Jan.08_16.14.30.4779839.UTC/Virtual Flash Lidar/frame_5000.txt'
2026-01-08 12:39:16,813 - root - INFO - Failed to add file data/collect_2026.Jan.08_16.14.30.4779839.UTC/Virtual Flash Lidar/frame_5001.txt:
	FileNotFoundError : [Errno 2] No such file or directory: 'data/collect_2026.Jan.08_16.14.30.4779839.UTC/Virtual Flash Lidar/frame_5001.txt'
2026-01-08 12:40:30,195 - root - INFO - Adding data set 3 of 4
2026-01-08 12:40:30,798 - root - INFO - Parsing frames in data/collect_2026.Jan.08_16.16.12.1074385.UTC...
2026-01-08 12:43:40,848 - root - INFO - Failed to add file data/collect_2026.Jan.08_16.16.12.1074385.UTC/Virtual Flash Lidar/frame_5000.txt:
	FileNotFoundError : [Errno 2] No such file or directory: 'data/collect_2026.Jan.08_16.16.12.1074385.UTC/Virtual Flash Lidar/frame_5000.txt'
2026-01-08 12:43:40,850 - root - INFO - Failed to add file data/collect_2026.Jan.08_16.16.12.1074385.UTC/Virtual Flash Lidar/frame_5001.txt:
	FileNotFoundError : [Errno 2] No such file or directory: 'data/collect_2026.Jan.08_16.16.12.1074385.UTC/Virtual Flash Lidar/frame_5001.txt'
2026-01-08 12:44:46,477 - root - INFO - Adding data set 4 of 4
2026-01-08 12:44:47,073 - root - INFO - Parsing frames in data/collect_2026.Jan.08_16.17.52.7369049.UTC...
2026-01-08 12:48:13,475 - root - INFO - Failed to add file data/collect_2026.Jan.08_16.17.52.7369049.UTC/Virtual Flash Lidar/frame_5000.txt:
	FileNotFoundError : [Errno 2] No such file or directory: 'data/collect_2026.Jan.08_16.17.52.7369049.UTC/Virtual Flash Lidar/frame_5000.txt'
2026-01-08 12:48:13,477 - root - INFO - Failed to add file data/collect_2026.Jan.08_16.17.52.7369049.UTC/Virtual Flash Lidar/frame_5001.txt:
	FileNotFoundError : [Errno 2] No such file or directory: 'data/collect_2026.Jan.08_16.17.52.7369049.UTC/Virtual Flash Lidar/frame_5001.txt'
2026-01-08 12:49:22,475 - root - INFO - 
Datasets added successfully:

2026-01-08 12:49:22,509 - root - INFO - classification_pretrain
Random seed: 42
Class labels: dict_keys(['f-15_model', 'a-10', 'b-1b', 'b-2', 'c-5', 'c-12', 'c-17a', 'c-32', 'c-130j', 'e-3', 'f-15e', 'f-16', 'f-18e', 'f-22', 'g-iii', 'kc-46', 'kc-135', 'lj-25', 'mig-29', 'mq-20', 'su-27', 'vc-25a', 'x-47b'])
Part labels: dict_keys(['wing', 'fuselage', 'engine', 'hstab', 'vstab', 'landing_gear', 'armament', 'boom_wing', 'boom_hull', 'boom_hose', 'dish', 'probe'])

--- Train Set ---
Specified proportion:  0.75
Actual proportion: 0.7498603564718428
Total count: 14767
Class count:
	f-15_model: 14767
Part count:
	wing: 117006522
	fuselage: 204757356
	engine: 77791412
	hstab: 41522027
	vstab: 42807739
	landing_gear: 0
	armament: 0
	boom_wing: 0
	boom_hull: 0
	boom_hose: 0
	dish: 0
	probe: 0

--- Validation Set ---
Specified proportion:  0.15
Actual proportion: 0.15005331843802366
Total count: 2955
Class count:
	f-15_model: 2955
Part count:
	wing: 23484322
	fuselage: 40971857
	engine: 15543395
	hstab: 8247964
	vstab: 8581902
	landing_gear: 0
	armament: 0
	boom_wing: 0
	boom_hull: 0
	boom_hose: 0
	dish: 0
	probe: 0

--- Test Set ---
Specified proportion:  0.1
Actual proportion: 0.10008632509013354
Total count: 1971
Class count:
	f-15_model: 1971
Part count:
	wing: 15684204
	fuselage: 27303061
	engine: 10392823
	hstab: 5520468
	vstab: 5685172
	landing_gear: 0
	armament: 0
	boom_wing: 0
	boom_hull: 0
	boom_hose: 0
	dish: 0
	probe: 0

2026-01-08 12:49:22,556 - root - INFO - The following datasets were found in data/f15_model_final:
2026-01-08 12:49:22,556 - root - INFO - 	-> pc_set.joblib	
2026-01-08 12:49:22,557 - root - INFO - Adding data set 1 of 4
2026-01-08 12:49:23,219 - root - INFO - Parsing frames in data/collect_2026.Jan.08_16.12.58.0528664.UTC...
2026-01-08 12:52:03,671 - root - INFO - Failed to add file data/collect_2026.Jan.08_16.12.58.0528664.UTC/Virtual Flash Lidar/frame_5000.txt:
	FileNotFoundError : [Errno 2] No such file or directory: 'data/collect_2026.Jan.08_16.12.58.0528664.UTC/Virtual Flash Lidar/frame_5000.txt'
2026-01-08 12:52:03,674 - root - INFO - Failed to add file data/collect_2026.Jan.08_16.12.58.0528664.UTC/Virtual Flash Lidar/frame_5001.txt:
	FileNotFoundError : [Errno 2] No such file or directory: 'data/collect_2026.Jan.08_16.12.58.0528664.UTC/Virtual Flash Lidar/frame_5001.txt'
2026-01-08 12:53:06,853 - root - INFO - Adding data set 2 of 4
2026-01-08 12:53:07,430 - root - INFO - Parsing frames in data/collect_2026.Jan.08_16.14.30.4779839.UTC...
2026-01-08 12:55:44,988 - root - INFO - Failed to add file data/collect_2026.Jan.08_16.14.30.4779839.UTC/Virtual Flash Lidar/frame_5000.txt:
	FileNotFoundError : [Errno 2] No such file or directory: 'data/collect_2026.Jan.08_16.14.30.4779839.UTC/Virtual Flash Lidar/frame_5000.txt'
2026-01-08 12:55:44,990 - root - INFO - Failed to add file data/collect_2026.Jan.08_16.14.30.4779839.UTC/Virtual Flash Lidar/frame_5001.txt:
	FileNotFoundError : [Errno 2] No such file or directory: 'data/collect_2026.Jan.08_16.14.30.4779839.UTC/Virtual Flash Lidar/frame_5001.txt'
2026-01-08 12:56:46,755 - root - INFO - Adding data set 3 of 4
2026-01-08 12:56:47,394 - root - INFO - Parsing frames in data/collect_2026.Jan.08_16.16.12.1074385.UTC...
2026-01-08 12:59:14,763 - root - INFO - Failed to add file data/collect_2026.Jan.08_16.16.12.1074385.UTC/Virtual Flash Lidar/frame_5000.txt:
	FileNotFoundError : [Errno 2] No such file or directory: 'data/collect_2026.Jan.08_16.16.12.1074385.UTC/Virtual Flash Lidar/frame_5000.txt'
2026-01-08 12:59:14,766 - root - INFO - Failed to add file data/collect_2026.Jan.08_16.16.12.1074385.UTC/Virtual Flash Lidar/frame_5001.txt:
	FileNotFoundError : [Errno 2] No such file or directory: 'data/collect_2026.Jan.08_16.16.12.1074385.UTC/Virtual Flash Lidar/frame_5001.txt'
2026-01-08 13:00:19,063 - root - INFO - Adding data set 4 of 4
2026-01-08 13:00:19,597 - root - INFO - Parsing frames in data/collect_2026.Jan.08_16.17.52.7369049.UTC...
2026-01-08 13:02:50,365 - root - INFO - Failed to add file data/collect_2026.Jan.08_16.17.52.7369049.UTC/Virtual Flash Lidar/frame_5000.txt:
	FileNotFoundError : [Errno 2] No such file or directory: 'data/collect_2026.Jan.08_16.17.52.7369049.UTC/Virtual Flash Lidar/frame_5000.txt'
2026-01-08 13:02:50,368 - root - INFO - Failed to add file data/collect_2026.Jan.08_16.17.52.7369049.UTC/Virtual Flash Lidar/frame_5001.txt:
	FileNotFoundError : [Errno 2] No such file or directory: 'data/collect_2026.Jan.08_16.17.52.7369049.UTC/Virtual Flash Lidar/frame_5001.txt'
2026-01-08 13:03:52,366 - root - INFO - 
Datasets added successfully:

2026-01-08 13:03:52,370 - root - INFO - final
Random seed: 42
Class labels: dict_keys(['f-15_model', 'a-10', 'b-1b', 'b-2', 'c-5', 'c-12', 'c-17a', 'c-32', 'c-130j', 'e-3', 'f-15e', 'f-16', 'f-18e', 'f-22', 'g-iii', 'kc-46', 'kc-135', 'lj-25', 'mig-29', 'mq-20', 'su-27', 'vc-25a', 'x-47b'])
Part labels: dict_keys(['wing', 'fuselage', 'engine', 'hstab', 'vstab', 'landing_gear', 'armament', 'boom_wing', 'boom_hull', 'boom_hose', 'dish', 'probe'])

--- Train Set ---
Specified proportion:  0.75
Actual proportion: 0.7498603564718428
Total count: 14767
Class count:
	f-15_model: 14767
Part count:
	wing: 117058048
	fuselage: 204751538
	engine: 77716534
	hstab: 41467334
	vstab: 42891602
	landing_gear: 0
	armament: 0
	boom_wing: 0
	boom_hull: 0
	boom_hose: 0
	dish: 0
	probe: 0

--- Validation Set ---
Specified proportion:  0.15
Actual proportion: 0.15005331843802366
Total count: 2955
Class count:
	f-15_model: 2955
Part count:
	wing: 23544811
	fuselage: 41129120
	engine: 15558499
	hstab: 8278483
	vstab: 8318527
	landing_gear: 0
	armament: 0
	boom_wing: 0
	boom_hull: 0
	boom_hose: 0
	dish: 0
	probe: 0

--- Test Set ---
Specified proportion:  0.1
Actual proportion: 0.10008632509013354
Total count: 1971
Class count:
	f-15_model: 1971
Part count:
	wing: 15595181
	fuselage: 27125296
	engine: 10453942
	hstab: 5554987
	vstab: 5856322
	landing_gear: 0
	armament: 0
	boom_wing: 0
	boom_hull: 0
	boom_hose: 0
	dish: 0
	probe: 0

2026-01-08 13:03:57,493 - root - INFO - PointNet Build
2026-01-08 13:03:57,494 - root - INFO - 	Trainable Layers
2026-01-08 13:03:57,495 - root - INFO - 		-> input_normalization: False
2026-01-08 13:03:57,495 - root - INFO - 		-> input_transform: True
2026-01-08 13:03:57,495 - root - INFO - 		-> s1_l1_64_convolution_layer: True
2026-01-08 13:03:57,496 - root - INFO - 		-> s1_l2_64_convolution_layer: True
2026-01-08 13:03:57,496 - root - INFO - 		-> feature_transform: True
2026-01-08 13:03:57,496 - root - INFO - 		-> s2_l1_64_convolution_layer: True
2026-01-08 13:03:57,497 - root - INFO - 		-> s2_l2_128_convolution_layer: True
2026-01-08 13:03:57,497 - root - INFO - 		-> s2_l3_1024_convolution_layer: True
2026-01-08 13:03:57,497 - root - INFO - 		-> s3_l1_512_dense_layer: True
2026-01-08 13:03:57,498 - root - INFO - 		-> s3_l2_256_dense_layer: True
2026-01-08 13:03:57,498 - root - INFO - 		-> output_dense_layer: True
2026-01-08 13:03:57,498 - root - INFO - 		-> seg_l1_512_convolution_layer: False
2026-01-08 13:03:57,499 - root - INFO - 		-> seg_l2_256_convolution_layer: False
2026-01-08 13:03:57,499 - root - INFO - 		-> seg_l3_128_convolution_layer: False
2026-01-08 13:03:57,499 - root - INFO - 		-> seg_l4_128_convolution_layer: False
2026-01-08 13:03:57,500 - root - INFO - 		-> seg_l5_output_convolution_layer: False
